# JRE version: OpenJDK Runtime Environment (8.0_152-b01) (build 1.8.0_152-release-915-b01)
# Java VM: OpenJDK 64-Bit Server VM (25.152-b01 mixed mode windows-amd64 compressed oops)
Heap:
 PSYoungGen      total 429056K, used 200600K [0x00000000e0000000, 0x0000000100000000, 0x0000000100000000)
  eden space 342528K, 46% used [0x00000000e0000000,0x00000000e9b3fc70,0x00000000f4e80000)
  from space 86528K, 48% used [0x00000000f4e80000,0x00000000f77263a0,0x00000000fa300000)
  to   space 85504K, 0% used [0x00000000fac80000,0x00000000fac80000,0x0000000100000000)
 ParOldGen       total 214528K, used 61244K [0x00000000a0000000, 0x00000000ad180000, 0x00000000e0000000)
  object space 214528K, 28% used [0x00000000a0000000,0x00000000a3bcf360,0x00000000ad180000)
 Metaspace       used 78252K, capacity 85170K, committed 86016K, reserved 1124352K
  class space    used 9672K, capacity 10423K, committed 10752K, reserved 1048576K
GC Heap History (10 events):
Event: 7518.761 GC heap before
{Heap before GC invocations=97 (full 5):
 PSYoungGen      total 348672K, used 348621K [0x00000000e0000000, 0x00000000fe400000, 0x0000000100000000)
  eden space 338944K, 100% used [0x00000000e0000000,0x00000000f4b00000,0x00000000f4b00000)
  from space 9728K, 99% used [0x00000000f5780000,0x00000000f60f3470,0x00000000f6100000)
  to   space 78336K, 0% used [0x00000000f9780000,0x00000000f9780000,0x00000000fe400000)
 ParOldGen       total 205312K, used 175232K [0x00000000a0000000, 0x00000000ac880000, 0x00000000e0000000)
  object space 205312K, 85% used [0x00000000a0000000,0x00000000aab202d0,0x00000000ac880000)
 Metaspace       used 78172K, capacity 85068K, committed 86016K, reserved 1124352K
  class space    used 9664K, capacity 10414K, committed 10752K, reserved 1048576K
Event: 7518.877 GC heap after
Heap after GC invocations=97 (full 5):
 PSYoungGen      total 402432K, used 78315K [0x00000000e0000000, 0x0000000100000000, 0x0000000100000000)
  eden space 324096K, 0% used [0x00000000e0000000,0x00000000e0000000,0x00000000f3c80000)
  from space 78336K, 99% used [0x00000000f9780000,0x00000000fe3fadb8,0x00000000fe400000)
  to   space 93184K, 0% used [0x00000000f3c80000,0x00000000f3c80000,0x00000000f9780000)
 ParOldGen       total 205312K, used 178106K [0x00000000a0000000, 0x00000000ac880000, 0x00000000e0000000)
  object space 205312K, 86% used [0x00000000a0000000,0x00000000aadeea88,0x00000000ac880000)
 Metaspace       used 78172K, capacity 85068K, committed 86016K, reserved 1124352K
  class space    used 9664K, capacity 10414K, committed 10752K, reserved 1048576K
}
Event: 7521.222 GC heap before
{Heap before GC invocations=98 (full 5):
 PSYoungGen      total 402432K, used 402411K [0x00000000e0000000, 0x0000000100000000, 0x0000000100000000)
  eden space 324096K, 100% used [0x00000000e0000000,0x00000000f3c80000,0x00000000f3c80000)
  from space 78336K, 99% used [0x00000000f9780000,0x00000000fe3fadb8,0x00000000fe400000)
  to   space 93184K, 0% used [0x00000000f3c80000,0x00000000f3c80000,0x00000000f9780000)
 ParOldGen       total 205312K, used 178106K [0x00000000a0000000, 0x00000000ac880000, 0x00000000e0000000)
  object space 205312K, 86% used [0x00000000a0000000,0x00000000aadeea88,0x00000000ac880000)
 Metaspace       used 78188K, capacity 85068K, committed 86016K, reserved 1124352K
  class space    used 9664K, capacity 10414K, committed 10752K, reserved 1048576K
Event: 7521.298 GC heap after
Heap after GC invocations=98 (full 5):
 PSYoungGen      total 417280K, used 24677K [0x00000000e0000000, 0x0000000100000000, 0x0000000100000000)
  eden space 324096K, 0% used [0x00000000e0000000,0x00000000e0000000,0x00000000f3c80000)
  from space 93184K, 26% used [0x00000000f3c80000,0x00000000f5499720,0x00000000f9780000)
  to   space 88576K, 0% used [0x00000000fa980000,0x00000000fa980000,0x0000000100000000)
 ParOldGen       total 205312K, used 186920K [0x00000000a0000000, 0x00000000ac880000, 0x00000000e0000000)
  object space 205312K, 91% used [0x00000000a0000000,0x00000000ab68a370,0x00000000ac880000)
 Metaspace       used 78188K, capacity 85068K, committed 86016K, reserved 1124352K
  class space    used 9664K, capacity 10414K, committed 10752K, reserved 1048576K
}
Event: 7604.877 GC heap before
{Heap before GC invocations=99 (full 5):
 PSYoungGen      total 417280K, used 348773K [0x00000000e0000000, 0x0000000100000000, 0x0000000100000000)
  eden space 324096K, 100% used [0x00000000e0000000,0x00000000f3c80000,0x00000000f3c80000)
  from space 93184K, 26% used [0x00000000f3c80000,0x00000000f5499720,0x00000000f9780000)
  to   space 88576K, 0% used [0x00000000fa980000,0x00000000fa980000,0x0000000100000000)
 ParOldGen       total 205312K, used 186920K [0x00000000a0000000, 0x00000000ac880000, 0x00000000e0000000)
  object space 205312K, 91% used [0x00000000a0000000,0x00000000ab68a370,0x00000000ac880000)
 Metaspace       used 78249K, capacity 85170K, committed 86016K, reserved 1124352K
  class space    used 9672K, capacity 10423K, committed 10752K, reserved 1048576K
Event: 7604.955 GC heap after
Heap after GC invocations=99 (full 5):
 PSYoungGen      total 422400K, used 8741K [0x00000000e0000000, 0x00000000ff780000, 0x0000000100000000)
  eden space 342528K, 0% used [0x00000000e0000000,0x00000000e0000000,0x00000000f4e80000)
  from space 79872K, 10% used [0x00000000fa980000,0x00000000fb209430,0x00000000ff780000)
  to   space 86528K, 0% used [0x00000000f4e80000,0x00000000f4e80000,0x00000000fa300000)
 ParOldGen       total 207360K, used 207128K [0x00000000a0000000, 0x00000000aca80000, 0x00000000e0000000)
  object space 207360K, 99% used [0x00000000a0000000,0x00000000aca462f0,0x00000000aca80000)
 Metaspace       used 78249K, capacity 85170K, committed 86016K, reserved 1124352K
  class space    used 9672K, capacity 10423K, committed 10752K, reserved 1048576K
}
Event: 7604.955 GC heap before
{Heap before GC invocations=100 (full 6):
 PSYoungGen      total 422400K, used 8741K [0x00000000e0000000, 0x00000000ff780000, 0x0000000100000000)
  eden space 342528K, 0% used [0x00000000e0000000,0x00000000e0000000,0x00000000f4e80000)
  from space 79872K, 10% used [0x00000000fa980000,0x00000000fb209430,0x00000000ff780000)
  to   space 86528K, 0% used [0x00000000f4e80000,0x00000000f4e80000,0x00000000fa300000)
 ParOldGen       total 207360K, used 207128K [0x00000000a0000000, 0x00000000aca80000, 0x00000000e0000000)
  object space 207360K, 99% used [0x00000000a0000000,0x00000000aca462f0,0x00000000aca80000)
 Metaspace       used 78249K, capacity 85170K, committed 86016K, reserved 1124352K
  class space    used 9672K, capacity 10423K, committed 10752K, reserved 1048576K
Event: 7605.328 GC heap after
Heap after GC invocations=100 (full 6):
 PSYoungGen      total 422400K, used 0K [0x00000000e0000000, 0x00000000ff780000, 0x0000000100000000)
  eden space 342528K, 0% used [0x00000000e0000000,0x00000000e0000000,0x00000000f4e80000)
  from space 79872K, 0% used [0x00000000fa980000,0x00000000fa980000,0x00000000ff780000)
  to   space 86528K, 0% used [0x00000000f4e80000,0x00000000f4e80000,0x00000000fa300000)
 ParOldGen       total 214528K, used 61236K [0x00000000a0000000, 0x00000000ad180000, 0x00000000e0000000)
  object space 214528K, 28% used [0x00000000a0000000,0x00000000a3bcd360,0x00000000ad180000)
 Metaspace       used 78249K, capacity 85170K, committed 86016K, reserved 1124352K
  class space    used 9672K, capacity 10423K, committed 10752K, reserved 1048576K
}
Event: 7608.430 GC heap before
{Heap before GC invocations=101 (full 6):
 PSYoungGen      total 422400K, used 342528K [0x00000000e0000000, 0x00000000ff780000, 0x0000000100000000)
  eden space 342528K, 100% used [0x00000000e0000000,0x00000000f4e80000,0x00000000f4e80000)
  from space 79872K, 0% used [0x00000000fa980000,0x00000000fa980000,0x00000000ff780000)
  to   space 86528K, 0% used [0x00000000f4e80000,0x00000000f4e80000,0x00000000fa300000)
 ParOldGen       total 214528K, used 61236K [0x00000000a0000000, 0x00000000ad180000, 0x00000000e0000000)
  object space 214528K, 28% used [0x00000000a0000000,0x00000000a3bcd360,0x00000000ad180000)
 Metaspace       used 78252K, capacity 85170K, committed 86016K, reserved 1124352K
  class space    used 9672K, capacity 10423K, committed 10752K, reserved 1048576K
Event: 7608.478 GC heap after
Heap after GC invocations=101 (full 6):
 PSYoungGen      total 429056K, used 41624K [0x00000000e0000000, 0x0000000100000000, 0x0000000100000000)
  eden space 342528K, 0% used [0x00000000e0000000,0x00000000e0000000,0x00000000f4e80000)
  from space 86528K, 48% used [0x00000000f4e80000,0x00000000f77263a0,0x00000000fa300000)
  to   space 85504K, 0% used [0x00000000fac80000,0x00000000fac80000,0x0000000100000000)
 ParOldGen       total 214528K, used 61244K [0x00000000a0000000, 0x00000000ad180000, 0x00000000e0000000)
  object space 214528K, 28% used [0x00000000a0000000,0x00000000a3bcf360,0x00000000ad180000)
 Metaspace       used 78252K, capacity 85170K, committed 86016K, reserved 1124352K
  class space    used 9672K, capacity 10423K, committed 10752K, reserved 1048576K
}

