# JRE version: OpenJDK Runtime Environment (8.0_152-b01) (build 1.8.0_152-release-915-b01)
# Java VM: OpenJDK 64-Bit Server VM (25.152-b01 mixed mode windows-amd64 compressed oops)
Heap:
 PSYoungGen      total 420352K, used 419978K [0x00000000e0000000, 0x0000000100000000, 0x0000000100000000)
  eden space 366592K, 100% used [0x00000000e0000000,0x00000000f6600000,0x00000000f6600000)
  from space 53760K, 99% used [0x00000000f6600000,0x00000000f9a229a0,0x00000000f9a80000)
  to   space 83456K, 50% used [0x00000000fae80000,0x00000000fd7f4328,0x0000000100000000)
 ParOldGen       total 263680K, used 96217K [0x00000000a0000000, 0x00000000b0180000, 0x00000000e0000000)
  object space 263680K, 36% used [0x00000000a0000000,0x00000000a5df6568,0x00000000b0180000)
 Metaspace       used 79330K, capacity 84952K, committed 85376K, reserved 1124352K
  class space    used 9716K, capacity 10481K, committed 10880K, reserved 1048576K
GC Heap History (10 events):
Event: 3504.206 GC heap after
Heap after GC invocations=77 (full 6):
 PSYoungGen      total 432640K, used 37727K [0x00000000e0000000, 0x0000000100000000, 0x0000000100000000)
  eden space 354816K, 0% used [0x00000000e0000000,0x00000000e0000000,0x00000000f5a80000)
  from space 77824K, 48% used [0x00000000f5a80000,0x00000000f7f57e48,0x00000000fa680000)
  to   space 77312K, 0% used [0x00000000fb480000,0x00000000fb480000,0x0000000100000000)
 ParOldGen       total 263680K, used 82014K [0x00000000a0000000, 0x00000000b0180000, 0x00000000e0000000)
  object space 263680K, 31% used [0x00000000a0000000,0x00000000a50179a0,0x00000000b0180000)
 Metaspace       used 78982K, capacity 84252K, committed 84992K, reserved 1124352K
  class space    used 9677K, capacity 10429K, committed 10752K, reserved 1048576K
}
Event: 3506.067 GC heap before
{Heap before GC invocations=78 (full 6):
 PSYoungGen      total 432640K, used 392542K [0x00000000e0000000, 0x0000000100000000, 0x0000000100000000)
  eden space 354816K, 99% used [0x00000000e0000000,0x00000000f5a7fbe0,0x00000000f5a80000)
  from space 77824K, 48% used [0x00000000f5a80000,0x00000000f7f57e48,0x00000000fa680000)
  to   space 77312K, 0% used [0x00000000fb480000,0x00000000fb480000,0x0000000100000000)
 ParOldGen       total 263680K, used 82014K [0x00000000a0000000, 0x00000000b0180000, 0x00000000e0000000)
  object space 263680K, 31% used [0x00000000a0000000,0x00000000a50179a0,0x00000000b0180000)
 Metaspace       used 78990K, capacity 84252K, committed 84992K, reserved 1124352K
  class space    used 9677K, capacity 10429K, committed 10752K, reserved 1048576K
Event: 3506.087 GC heap after
Heap after GC invocations=78 (full 6):
 PSYoungGen      total 441856K, used 5930K [0x00000000e0000000, 0x00000000ffb80000, 0x0000000100000000)
  eden space 369152K, 0% used [0x00000000e0000000,0x00000000e0000000,0x00000000f6880000)
  from space 72704K, 8% used [0x00000000fb480000,0x00000000fba4abd0,0x00000000ffb80000)
  to   space 75264K, 0% used [0x00000000f6880000,0x00000000f6880000,0x00000000fb200000)
 ParOldGen       total 263680K, used 87388K [0x00000000a0000000, 0x00000000b0180000, 0x00000000e0000000)
  object space 263680K, 33% used [0x00000000a0000000,0x00000000a55571f8,0x00000000b0180000)
 Metaspace       used 78990K, capacity 84252K, committed 84992K, reserved 1124352K
  class space    used 9677K, capacity 10429K, committed 10752K, reserved 1048576K
}
Event: 3634.046 GC heap before
{Heap before GC invocations=79 (full 6):
 PSYoungGen      total 441856K, used 375082K [0x00000000e0000000, 0x00000000ffb80000, 0x0000000100000000)
  eden space 369152K, 100% used [0x00000000e0000000,0x00000000f6880000,0x00000000f6880000)
  from space 72704K, 8% used [0x00000000fb480000,0x00000000fba4abd0,0x00000000ffb80000)
  to   space 75264K, 0% used [0x00000000f6880000,0x00000000f6880000,0x00000000fb200000)
 ParOldGen       total 263680K, used 87388K [0x00000000a0000000, 0x00000000b0180000, 0x00000000e0000000)
  object space 263680K, 33% used [0x00000000a0000000,0x00000000a55571f8,0x00000000b0180000)
 Metaspace       used 79106K, capacity 84534K, committed 85248K, reserved 1124352K
  class space    used 9690K, capacity 10448K, committed 10752K, reserved 1048576K
Event: 3634.099 GC heap after
Heap after GC invocations=79 (full 6):
 PSYoungGen      total 444416K, used 49295K [0x00000000e0000000, 0x0000000100000000, 0x0000000100000000)
  eden space 369152K, 0% used [0x00000000e0000000,0x00000000e0000000,0x00000000f6880000)
  from space 75264K, 65% used [0x00000000f6880000,0x00000000f98a3e38,0x00000000fb200000)
  to   space 79872K, 0% used [0x00000000fb200000,0x00000000fb200000,0x0000000100000000)
 ParOldGen       total 263680K, used 87813K [0x00000000a0000000, 0x00000000b0180000, 0x00000000e0000000)
  object space 263680K, 33% used [0x00000000a0000000,0x00000000a55c1510,0x00000000b0180000)
 Metaspace       used 79106K, capacity 84534K, committed 85248K, reserved 1124352K
  class space    used 9690K, capacity 10448K, committed 10752K, reserved 1048576K
}
Event: 3833.899 GC heap before
{Heap before GC invocations=80 (full 6):
 PSYoungGen      total 444416K, used 418447K [0x00000000e0000000, 0x0000000100000000, 0x0000000100000000)
  eden space 369152K, 100% used [0x00000000e0000000,0x00000000f6880000,0x00000000f6880000)
  from space 75264K, 65% used [0x00000000f6880000,0x00000000f98a3e38,0x00000000fb200000)
  to   space 79872K, 0% used [0x00000000fb200000,0x00000000fb200000,0x0000000100000000)
 ParOldGen       total 263680K, used 87813K [0x00000000a0000000, 0x00000000b0180000, 0x00000000e0000000)
  object space 263680K, 33% used [0x00000000a0000000,0x00000000a55c1510,0x00000000b0180000)
 Metaspace       used 79189K, capacity 84626K, committed 85248K, reserved 1124352K
  class space    used 9698K, capacity 10456K, committed 10752K, reserved 1048576K
Event: 3833.916 GC heap after
Heap after GC invocations=80 (full 6):
 PSYoungGen      total 446464K, used 7224K [0x00000000e0000000, 0x0000000100000000, 0x0000000100000000)
  eden space 366592K, 0% used [0x00000000e0000000,0x00000000e0000000,0x00000000f6600000)
  from space 79872K, 9% used [0x00000000fb200000,0x00000000fb90e0b8,0x0000000100000000)
  to   space 77824K, 0% used [0x00000000f6600000,0x00000000f6600000,0x00000000fb200000)
 ParOldGen       total 263680K, used 88305K [0x00000000a0000000, 0x00000000b0180000, 0x00000000e0000000)
  object space 263680K, 33% used [0x00000000a0000000,0x00000000a563c520,0x00000000b0180000)
 Metaspace       used 79189K, capacity 84626K, committed 85248K, reserved 1124352K
  class space    used 9698K, capacity 10456K, committed 10752K, reserved 1048576K
}
Event: 3835.736 GC heap before
{Heap before GC invocations=81 (full 6):
 PSYoungGen      total 446464K, used 373816K [0x00000000e0000000, 0x0000000100000000, 0x0000000100000000)
  eden space 366592K, 100% used [0x00000000e0000000,0x00000000f6600000,0x00000000f6600000)
  from space 79872K, 9% used [0x00000000fb200000,0x00000000fb90e0b8,0x0000000100000000)
  to   space 77824K, 0% used [0x00000000f6600000,0x00000000f6600000,0x00000000fb200000)
 ParOldGen       total 263680K, used 88305K [0x00000000a0000000, 0x00000000b0180000, 0x00000000e0000000)
  object space 263680K, 33% used [0x00000000a0000000,0x00000000a563c520,0x00000000b0180000)
 Metaspace       used 79197K, capacity 84690K, committed 85248K, reserved 1124352K
  class space    used 9698K, capacity 10456K, committed 10752K, reserved 1048576K
Event: 3835.810 GC heap after
Heap after GC invocations=81 (full 6):
 PSYoungGen      total 420352K, used 53386K [0x00000000e0000000, 0x0000000100000000, 0x0000000100000000)
  eden space 366592K, 0% used [0x00000000e0000000,0x00000000e0000000,0x00000000f6600000)
  from space 53760K, 99% used [0x00000000f6600000,0x00000000f9a229a0,0x00000000f9a80000)
  to   space 83456K, 0% used [0x00000000fae80000,0x00000000fae80000,0x0000000100000000)
 ParOldGen       total 263680K, used 94425K [0x00000000a0000000, 0x00000000b0180000, 0x00000000e0000000)
  object space 263680K, 35% used [0x00000000a0000000,0x00000000a5c36568,0x00000000b0180000)
 Metaspace       used 79197K, capacity 84690K, committed 85248K, reserved 1124352K
  class space    used 9698K, capacity 10456K, committed 10752K, reserved 1048576K
}
Event: 3931.598 GC heap before
{Heap before GC invocations=82 (full 6):
 PSYoungGen      total 420352K, used 419978K [0x00000000e0000000, 0x0000000100000000, 0x0000000100000000)
  eden space 366592K, 100% used [0x00000000e0000000,0x00000000f6600000,0x00000000f6600000)
  from space 53760K, 99% used [0x00000000f6600000,0x00000000f9a229a0,0x00000000f9a80000)
  to   space 83456K, 0% used [0x00000000fae80000,0x00000000fae80000,0x0000000100000000)
 ParOldGen       total 263680K, used 94425K [0x00000000a0000000, 0x00000000b0180000, 0x00000000e0000000)
  object space 263680K, 35% used [0x00000000a0000000,0x00000000a5c36568,0x00000000b0180000)
 Metaspace       used 79330K, capacity 84952K, committed 85376K, reserved 1124352K
  class space    used 9716K, capacity 10481K, committed 10880K, reserved 1048576K

